
> vibe-kanban@0.0.161 dev /Users/chungquantin/Developer/vibe-kanban
> export FRONTEND_PORT=$(node scripts/setup-dev-environment.js frontend) && export BACKEND_PORT=$(node scripts/setup-dev-environment.js backend) && export VK_ALLOWED_ORIGINS="http://localhost:${FRONTEND_PORT}" && export VITE_VK_SHARED_API_BASE=${VK_SHARED_API_BASE:-} && concurrently "pnpm run backend:dev:watch" "pnpm run frontend:dev"

[0] 
[0] > vibe-kanban@0.0.161 backend:dev:watch /Users/chungquantin/Developer/vibe-kanban
[0] > DISABLE_WORKTREE_ORPHAN_CLEANUP=1 RUST_LOG=debug cargo watch -w crates -x 'run --bin server'
[0] 
[1] 
[1] > vibe-kanban@0.0.161 frontend:dev /Users/chungquantin/Developer/vibe-kanban
[1] > cd frontend && pnpm run dev -- --port ${FRONTEND_PORT:-3000} --host
[1] 
[1] 
[1] > vibe-kanban@0.0.160 dev /Users/chungquantin/Developer/vibe-kanban/frontend
[1] > VITE_OPEN=${VITE_OPEN:-false} vite -- --port 3001 --host
[1] 
[1] [sentry-vite-plugin] Info: Sending telemetry data on issues and performance to Sentry. To disable telemetry, set `options.telemetry` to `false`.
[0] [Running 'cargo run --bin server']
[1] 
[1]   VITE v5.4.19  ready in 958 ms
[1] 
[1]   ➜  Local:   http://localhost:3001/
[1]   ➜  Network: use --host to expose
[0]    Compiling db v0.0.160 (/Users/chungquantin/Developer/vibe-kanban/crates/db)
[0]    Compiling services v0.0.160 (/Users/chungquantin/Developer/vibe-kanban/crates/services)
[0]    Compiling deployment v0.0.160 (/Users/chungquantin/Developer/vibe-kanban/crates/deployment)
[0]    Compiling local-deployment v0.0.160 (/Users/chungquantin/Developer/vibe-kanban/crates/local-deployment)
[0]    Compiling server v0.0.160 (/Users/chungquantin/Developer/vibe-kanban/crates/server)
[0]     Finished `dev` profile [unoptimized + debuginfo] target(s) in 20.59s
[0]      Running `target/debug/server`
[0] [2m2026-02-16T03:24:22.319400Z[0m [32m INFO[0m [2mexecutors::profile[0m[2m:[0m Loaded user profile overrides from profiles.json
[0] [2m2026-02-16T03:24:22.385770Z[0m [32m INFO[0m [2mlocal_deployment[0m[2m:[0m Starting orphaned image cleanup...
[0] [2m2026-02-16T03:24:22.386186Z[0m [32m INFO[0m [2mservices::services::oauth_credentials[0m[2m:[0m OAuth credentials backend: file
[0] [2m2026-02-16T03:24:22.386297Z[0m [32m INFO[0m [2mlocal_deployment[0m[2m:[0m VK_SHARED_API_BASE not set; remote features disabled
[0] [2m2026-02-16T03:24:22.386476Z[0m [34mDEBUG[0m [2mservices::services::workspace_manager[0m[2m:[0m Orphan workspace cleanup is disabled via DISABLE_WORKTREE_ORPHAN_CLEANUP environment variable
[0] [2m2026-02-16T03:24:22.386862Z[0m [34mDEBUG[0m [2mservices::services::image[0m[2m:[0m No orphaned images found during cleanup
[0] [2m2026-02-16T03:24:22.387704Z[0m [32m INFO[0m [2mlocal_deployment::container[0m[2m:[0m Starting periodic workspace cleanup...
[0] [2m2026-02-16T03:24:22.389391Z[0m [34mDEBUG[0m [2mlocal_deployment::container[0m[2m:[0m No expired workspaces found
[0] [2m2026-02-16T03:24:22.390193Z[0m [32m INFO[0m [2mservices::services::pr_monitor[0m[2m:[0m Starting PR monitoring service with interval 60s
[0] [2m2026-02-16T03:24:22.390325Z[0m [32m INFO[0m [2mservices::services::file_search[0m[2m:[0m Starting file search cache warming...
[0] [2m2026-02-16T03:24:22.392495Z[0m [34mDEBUG[0m [2mservices::services::pr_monitor[0m[2m:[0m No open PRs to check
[0] [2m2026-02-16T03:24:22.392655Z[0m [32m INFO[0m [2mservices::services::file_search[0m[2m:[0m Warming cache for 2 repositories: ["/Users/chungquantin/Developer/vibe-kanban", "/Users/chungquantin/Developer/theblockchaincompany/bob"]
[0] [2m2026-02-16T03:24:22.398678Z[0m [34mDEBUG[0m [2mutils::port_file[0m[2m:[0m Writing port 3004 to "/var/folders/tb/r5r120jx4c34f2wnhrv6hx000000gn/T/vibe-kanban/vibe-kanban.port"
[0] [2m2026-02-16T03:24:22.399210Z[0m [32m INFO[0m [2mserver[0m[2m:[0m Server running on http://127.0.0.1:3004
[0] [2m2026-02-16T03:24:22.405452Z[0m [32m INFO[0m [2mservices::services::file_search[0m[2m:[0m Setup file watcher for repo: "/Users/chungquantin/Developer/vibe-kanban"
[0] [2m2026-02-16T03:24:22.405499Z[0m [32m INFO[0m [2mservices::services::file_search[0m[2m:[0m Building cache for repo: "/Users/chungquantin/Developer/vibe-kanban"
[0] [2m2026-02-16T03:24:22.407265Z[0m [32m INFO[0m [2mservices::services::file_search[0m[2m:[0m Setup file watcher for repo: "/Users/chungquantin/Developer/theblockchaincompany/bob"
[0] [2m2026-02-16T03:24:22.407447Z[0m [32m INFO[0m [2mservices::services::file_search[0m[2m:[0m File search cache warming completed
[0] [2m2026-02-16T03:24:23.055130Z[0m [32m INFO[0m [2mservices::services::file_search[0m[2m:[0m Successfully cached repo: "/Users/chungquantin/Developer/vibe-kanban"
[0] [2m2026-02-16T03:24:23.055191Z[0m [32m INFO[0m [2mservices::services::file_search[0m[2m:[0m Building cache for repo: "/Users/chungquantin/Developer/theblockchaincompany/bob"
[0] [2m2026-02-16T03:24:26.234214Z[0m [32m INFO[0m [2mservices::services::file_search[0m[2m:[0m Successfully cached repo: "/Users/chungquantin/Developer/theblockchaincompany/bob"
[0] [2m2026-02-16T03:25:22.394907Z[0m [34mDEBUG[0m [2mservices::services::pr_monitor[0m[2m:[0m No open PRs to check
[0] [Running 'cargo run --bin server']
[0] [2m2026-02-16T03:25:27.581825Z[0m [32m INFO[0m [2mlocal_deployment::container[0m[2m:[0m Killing all running processes
[0]     Finished `dev` profile [unoptimized + debuginfo] target(s) in 1.02s
[0]      Running `target/debug/server`
[0] [2m2026-02-16T03:25:32.076825Z[0m [32m INFO[0m [2mexecutors::profile[0m[2m:[0m Loaded user profile overrides from profiles.json
[0] [2m2026-02-16T03:25:32.106725Z[0m [32m INFO[0m [2mlocal_deployment[0m[2m:[0m Starting orphaned image cleanup...
[0] [2m2026-02-16T03:25:32.107200Z[0m [32m INFO[0m [2mservices::services::oauth_credentials[0m[2m:[0m OAuth credentials backend: file
[0] [2m2026-02-16T03:25:32.107309Z[0m [32m INFO[0m [2mlocal_deployment[0m[2m:[0m VK_SHARED_API_BASE not set; remote features disabled
[0] [2m2026-02-16T03:25:32.107600Z[0m [34mDEBUG[0m [2mservices::services::workspace_manager[0m[2m:[0m Orphan workspace cleanup is disabled via DISABLE_WORKTREE_ORPHAN_CLEANUP environment variable
[0] [2m2026-02-16T03:25:32.107931Z[0m [34mDEBUG[0m [2mservices::services::image[0m[2m:[0m No orphaned images found during cleanup
[0] [2m2026-02-16T03:25:32.108823Z[0m [32m INFO[0m [2mlocal_deployment::container[0m[2m:[0m Starting periodic workspace cleanup...
[0] [2m2026-02-16T03:25:32.111358Z[0m [34mDEBUG[0m [2mlocal_deployment::container[0m[2m:[0m No expired workspaces found
[0] [2m2026-02-16T03:25:32.112565Z[0m [32m INFO[0m [2mservices::services::file_search[0m[2m:[0m Starting file search cache warming...
[0] [2m2026-02-16T03:25:32.112533Z[0m [32m INFO[0m [2mservices::services::pr_monitor[0m[2m:[0m Starting PR monitoring service with interval 60s
[0] [2m2026-02-16T03:25:32.114475Z[0m [34mDEBUG[0m [2mservices::services::pr_monitor[0m[2m:[0m No open PRs to check
[0] [2m2026-02-16T03:25:32.115113Z[0m [32m INFO[0m [2mservices::services::file_search[0m[2m:[0m Warming cache for 2 repositories: ["/Users/chungquantin/Developer/vibe-kanban", "/Users/chungquantin/Developer/theblockchaincompany/bob"]
[0] [2m2026-02-16T03:25:32.117610Z[0m [32m INFO[0m [2mservices::services::file_search[0m[2m:[0m Setup file watcher for repo: "/Users/chungquantin/Developer/vibe-kanban"
[0] [2m2026-02-16T03:25:32.117627Z[0m [32m INFO[0m [2mservices::services::file_search[0m[2m:[0m Building cache for repo: "/Users/chungquantin/Developer/vibe-kanban"
[0] [2m2026-02-16T03:25:32.118416Z[0m [32m INFO[0m [2mservices::services::file_search[0m[2m:[0m Setup file watcher for repo: "/Users/chungquantin/Developer/theblockchaincompany/bob"
[0] [2m2026-02-16T03:25:32.118640Z[0m [32m INFO[0m [2mservices::services::file_search[0m[2m:[0m File search cache warming completed
[0] [2m2026-02-16T03:25:32.121142Z[0m [34mDEBUG[0m [2mutils::port_file[0m[2m:[0m Writing port 3004 to "/var/folders/tb/r5r120jx4c34f2wnhrv6hx000000gn/T/vibe-kanban/vibe-kanban.port"
[0] [2m2026-02-16T03:25:32.121485Z[0m [32m INFO[0m [2mserver[0m[2m:[0m Server running on http://127.0.0.1:3004
[0] [2m2026-02-16T03:25:32.656722Z[0m [32m INFO[0m [2mservices::services::file_search[0m[2m:[0m Successfully cached repo: "/Users/chungquantin/Developer/vibe-kanban"
[0] [2m2026-02-16T03:25:32.656784Z[0m [32m INFO[0m [2mservices::services::file_search[0m[2m:[0m Building cache for repo: "/Users/chungquantin/Developer/theblockchaincompany/bob"
[0] [Running 'cargo run --bin server']
[0] [2m2026-02-16T03:25:33.563872Z[0m [32m INFO[0m [2mlocal_deployment::container[0m[2m:[0m Killing all running processes
[0]     Finished `dev` profile [unoptimized + debuginfo] target(s) in 0.77s
[0]      Running `target/debug/server`
[0] [2m2026-02-16T03:25:37.385510Z[0m [32m INFO[0m [2mexecutors::profile[0m[2m:[0m Loaded user profile overrides from profiles.json
[0] [2m2026-02-16T03:25:37.411241Z[0m [32m INFO[0m [2mlocal_deployment[0m[2m:[0m Starting orphaned image cleanup...
[0] [2m2026-02-16T03:25:37.411599Z[0m [32m INFO[0m [2mservices::services::oauth_credentials[0m[2m:[0m OAuth credentials backend: file
[0] [2m2026-02-16T03:25:37.411678Z[0m [32m INFO[0m [2mlocal_deployment[0m[2m:[0m VK_SHARED_API_BASE not set; remote features disabled
[0] [2m2026-02-16T03:25:37.411852Z[0m [34mDEBUG[0m [2mservices::services::workspace_manager[0m[2m:[0m Orphan workspace cleanup is disabled via DISABLE_WORKTREE_ORPHAN_CLEANUP environment variable
[0] [2m2026-02-16T03:25:37.412006Z[0m [34mDEBUG[0m [2mservices::services::image[0m[2m:[0m No orphaned images found during cleanup
[0] [2m2026-02-16T03:25:37.413136Z[0m [32m INFO[0m [2mlocal_deployment::container[0m[2m:[0m Starting periodic workspace cleanup...
[0] [2m2026-02-16T03:25:37.413723Z[0m [34mDEBUG[0m [2mlocal_deployment::container[0m[2m:[0m No expired workspaces found
[0] [2m2026-02-16T03:25:37.414324Z[0m [32m INFO[0m [2mservices::services::pr_monitor[0m[2m:[0m Starting PR monitoring service with interval 60s
[0] [2m2026-02-16T03:25:37.414532Z[0m [32m INFO[0m [2mservices::services::file_search[0m[2m:[0m Starting file search cache warming...
[0] [2m2026-02-16T03:25:37.416659Z[0m [34mDEBUG[0m [2mservices::services::pr_monitor[0m[2m:[0m No open PRs to check
[0] [2m2026-02-16T03:25:37.417595Z[0m [32m INFO[0m [2mservices::services::file_search[0m[2m:[0m Warming cache for 2 repositories: ["/Users/chungquantin/Developer/vibe-kanban", "/Users/chungquantin/Developer/theblockchaincompany/bob"]
[0] [2m2026-02-16T03:25:37.421733Z[0m [32m INFO[0m [2mservices::services::file_search[0m[2m:[0m Setup file watcher for repo: "/Users/chungquantin/Developer/vibe-kanban"
[0] [2m2026-02-16T03:25:37.421781Z[0m [32m INFO[0m [2mservices::services::file_search[0m[2m:[0m Building cache for repo: "/Users/chungquantin/Developer/vibe-kanban"
[0] [2m2026-02-16T03:25:37.423298Z[0m [32m INFO[0m [2mservices::services::file_search[0m[2m:[0m Setup file watcher for repo: "/Users/chungquantin/Developer/theblockchaincompany/bob"
[0] [2m2026-02-16T03:25:37.423662Z[0m [32m INFO[0m [2mservices::services::file_search[0m[2m:[0m File search cache warming completed
[0] [2m2026-02-16T03:25:37.426544Z[0m [34mDEBUG[0m [2mutils::port_file[0m[2m:[0m Writing port 3004 to "/var/folders/tb/r5r120jx4c34f2wnhrv6hx000000gn/T/vibe-kanban/vibe-kanban.port"
[0] [2m2026-02-16T03:25:37.427047Z[0m [32m INFO[0m [2mserver[0m[2m:[0m Server running on http://127.0.0.1:3004
[0] [2m2026-02-16T03:25:37.777105Z[0m [32m INFO[0m [2mservices::services::file_search[0m[2m:[0m Successfully cached repo: "/Users/chungquantin/Developer/vibe-kanban"
[0] [2m2026-02-16T03:25:37.777178Z[0m [32m INFO[0m [2mservices::services::file_search[0m[2m:[0m Building cache for repo: "/Users/chungquantin/Developer/theblockchaincompany/bob"
[0] [2m2026-02-16T03:25:38.401216Z[0m [32m INFO[0m [2mservices::services::file_search[0m[2m:[0m Successfully cached repo: "/Users/chungquantin/Developer/theblockchaincompany/bob"
[0] [Running 'cargo run --bin server']
[0]     Finished `dev` profile [unoptimized + debuginfo] target(s) in 0.33s
[0]      Running `target/debug/server`
[0] [2m2026-02-16T03:25:42.561057Z[0m [32m INFO[0m [2mexecutors::profile[0m[2m:[0m Loaded user profile overrides from profiles.json
[0] [2m2026-02-16T03:25:42.587650Z[0m [32m INFO[0m [2mlocal_deployment[0m[2m:[0m Starting orphaned image cleanup...
[0] [2m2026-02-16T03:25:42.588132Z[0m [32m INFO[0m [2mservices::services::oauth_credentials[0m[2m:[0m OAuth credentials backend: file
[0] [2m2026-02-16T03:25:42.588213Z[0m [32m INFO[0m [2mlocal_deployment[0m[2m:[0m VK_SHARED_API_BASE not set; remote features disabled
[0] [2m2026-02-16T03:25:42.588485Z[0m [34mDEBUG[0m [2mservices::services::workspace_manager[0m[2m:[0m Orphan workspace cleanup is disabled via DISABLE_WORKTREE_ORPHAN_CLEANUP environment variable
[0] [2m2026-02-16T03:25:42.588771Z[0m [34mDEBUG[0m [2mservices::services::image[0m[2m:[0m No orphaned images found during cleanup
[0] [2m2026-02-16T03:25:42.589683Z[0m [32m INFO[0m [2mlocal_deployment::container[0m[2m:[0m Starting periodic workspace cleanup...
[0] [2m2026-02-16T03:25:42.590507Z[0m [34mDEBUG[0m [2mlocal_deployment::container[0m[2m:[0m No expired workspaces found
[0] [2m2026-02-16T03:25:42.592454Z[0m [32m INFO[0m [2mservices::services::pr_monitor[0m[2m:[0m Starting PR monitoring service with interval 60s
[0] [2m2026-02-16T03:25:42.592600Z[0m [32m INFO[0m [2mservices::services::file_search[0m[2m:[0m Starting file search cache warming...
[0] [2m2026-02-16T03:25:42.594589Z[0m [34mDEBUG[0m [2mservices::services::pr_monitor[0m[2m:[0m No open PRs to check
[0] [2m2026-02-16T03:25:42.595496Z[0m [32m INFO[0m [2mservices::services::file_search[0m[2m:[0m Warming cache for 2 repositories: ["/Users/chungquantin/Developer/vibe-kanban", "/Users/chungquantin/Developer/theblockchaincompany/bob"]
[0] [2m2026-02-16T03:25:42.598410Z[0m [32m INFO[0m [2mservices::services::file_search[0m[2m:[0m Setup file watcher for repo: "/Users/chungquantin/Developer/vibe-kanban"
[0] [2m2026-02-16T03:25:42.598429Z[0m [32m INFO[0m [2mservices::services::file_search[0m[2m:[0m Building cache for repo: "/Users/chungquantin/Developer/vibe-kanban"
[0] [2m2026-02-16T03:25:42.599415Z[0m [32m INFO[0m [2mservices::services::file_search[0m[2m:[0m Setup file watcher for repo: "/Users/chungquantin/Developer/theblockchaincompany/bob"
[0] [2m2026-02-16T03:25:42.599633Z[0m [32m INFO[0m [2mservices::services::file_search[0m[2m:[0m File search cache warming completed
[0] [2m2026-02-16T03:25:42.602370Z[0m [34mDEBUG[0m [2mutils::port_file[0m[2m:[0m Writing port 3004 to "/var/folders/tb/r5r120jx4c34f2wnhrv6hx000000gn/T/vibe-kanban/vibe-kanban.port"
[0] [2m2026-02-16T03:25:42.602809Z[0m [32m INFO[0m [2mserver[0m[2m:[0m Server running on http://127.0.0.1:3004
[0] [2m2026-02-16T03:25:42.948541Z[0m [32m INFO[0m [2mservices::services::file_search[0m[2m:[0m Successfully cached repo: "/Users/chungquantin/Developer/vibe-kanban"
[0] [2m2026-02-16T03:25:42.948620Z[0m [32m INFO[0m [2mservices::services::file_search[0m[2m:[0m Building cache for repo: "/Users/chungquantin/Developer/theblockchaincompany/bob"
[0] [2m2026-02-16T03:25:43.583017Z[0m [32m INFO[0m [2mservices::services::file_search[0m[2m:[0m Successfully cached repo: "/Users/chungquantin/Developer/theblockchaincompany/bob"
[0] [Running 'cargo run --bin server']
[0]     Finished `dev` profile [unoptimized + debuginfo] target(s) in 0.33s
[0]      Running `target/debug/server`
[0] [2m2026-02-16T03:25:49.887619Z[0m [32m INFO[0m [2mexecutors::profile[0m[2m:[0m Loaded user profile overrides from profiles.json
[0] [2m2026-02-16T03:25:49.916576Z[0m [32m INFO[0m [2mlocal_deployment[0m[2m:[0m Starting orphaned image cleanup...
[0] [2m2026-02-16T03:25:49.916945Z[0m [32m INFO[0m [2mservices::services::oauth_credentials[0m[2m:[0m OAuth credentials backend: file
[0] [2m2026-02-16T03:25:49.917117Z[0m [32m INFO[0m [2mlocal_deployment[0m[2m:[0m VK_SHARED_API_BASE not set; remote features disabled
[0] [2m2026-02-16T03:25:49.917388Z[0m [34mDEBUG[0m [2mservices::services::workspace_manager[0m[2m:[0m Orphan workspace cleanup is disabled via DISABLE_WORKTREE_ORPHAN_CLEANUP environment variable
[0] [2m2026-02-16T03:25:49.917557Z[0m [34mDEBUG[0m [2mservices::services::image[0m[2m:[0m No orphaned images found during cleanup
[0] [2m2026-02-16T03:25:49.918679Z[0m [32m INFO[0m [2mservices::services::pr_monitor[0m[2m:[0m Starting PR monitoring service with interval 60s
[0] [2m2026-02-16T03:25:49.918693Z[0m [32m INFO[0m [2mlocal_deployment::container[0m[2m:[0m Starting periodic workspace cleanup...
[0] [2m2026-02-16T03:25:49.918925Z[0m [32m INFO[0m [2mservices::services::file_search[0m[2m:[0m Starting file search cache warming...
[0] [2m2026-02-16T03:25:49.920269Z[0m [34mDEBUG[0m [2mlocal_deployment::container[0m[2m:[0m No expired workspaces found
[0] [2m2026-02-16T03:25:49.923226Z[0m [34mDEBUG[0m [2mservices::services::pr_monitor[0m[2m:[0m No open PRs to check
[0] [2m2026-02-16T03:25:49.924080Z[0m [32m INFO[0m [2mservices::services::file_search[0m[2m:[0m Warming cache for 2 repositories: ["/Users/chungquantin/Developer/vibe-kanban", "/Users/chungquantin/Developer/theblockchaincompany/bob"]
[0] [2m2026-02-16T03:25:49.926666Z[0m [32m INFO[0m [2mservices::services::file_search[0m[2m:[0m Setup file watcher for repo: "/Users/chungquantin/Developer/vibe-kanban"
[0] [2m2026-02-16T03:25:49.926684Z[0m [32m INFO[0m [2mservices::services::file_search[0m[2m:[0m Building cache for repo: "/Users/chungquantin/Developer/vibe-kanban"
[0] [2m2026-02-16T03:25:49.927513Z[0m [32m INFO[0m [2mservices::services::file_search[0m[2m:[0m Setup file watcher for repo: "/Users/chungquantin/Developer/theblockchaincompany/bob"
[0] [2m2026-02-16T03:25:49.927732Z[0m [32m INFO[0m [2mservices::services::file_search[0m[2m:[0m File search cache warming completed
[0] [2m2026-02-16T03:25:49.928364Z[0m [34mDEBUG[0m [2mutils::port_file[0m[2m:[0m Writing port 3004 to "/var/folders/tb/r5r120jx4c34f2wnhrv6hx000000gn/T/vibe-kanban/vibe-kanban.port"
[0] [2m2026-02-16T03:25:49.928754Z[0m [32m INFO[0m [2mserver[0m[2m:[0m Server running on http://127.0.0.1:3004
[0] [2m2026-02-16T03:25:50.268434Z[0m [32m INFO[0m [2mservices::services::file_search[0m[2m:[0m Successfully cached repo: "/Users/chungquantin/Developer/vibe-kanban"
[0] [2m2026-02-16T03:25:50.268495Z[0m [32m INFO[0m [2mservices::services::file_search[0m[2m:[0m Building cache for repo: "/Users/chungquantin/Developer/theblockchaincompany/bob"
[0] [2m2026-02-16T03:25:50.876708Z[0m [32m INFO[0m [2mservices::services::file_search[0m[2m:[0m Successfully cached repo: "/Users/chungquantin/Developer/theblockchaincompany/bob"
[0] [Running 'cargo run --bin server']
[0]     Finished `dev` profile [unoptimized + debuginfo] target(s) in 0.32s
[0]      Running `target/debug/server`
[0] [2m2026-02-16T03:25:56.410676Z[0m [32m INFO[0m [2mexecutors::profile[0m[2m:[0m Loaded user profile overrides from profiles.json
[0] [2m2026-02-16T03:25:56.442543Z[0m [32m INFO[0m [2mlocal_deployment[0m[2m:[0m Starting orphaned image cleanup...
[0] [2m2026-02-16T03:25:56.443044Z[0m [32m INFO[0m [2mservices::services::oauth_credentials[0m[2m:[0m OAuth credentials backend: file
[0] [2m2026-02-16T03:25:56.443126Z[0m [32m INFO[0m [2mlocal_deployment[0m[2m:[0m VK_SHARED_API_BASE not set; remote features disabled
[0] [2m2026-02-16T03:25:56.443398Z[0m [34mDEBUG[0m [2mservices::services::workspace_manager[0m[2m:[0m Orphan workspace cleanup is disabled via DISABLE_WORKTREE_ORPHAN_CLEANUP environment variable
[0] [2m2026-02-16T03:25:56.443728Z[0m [34mDEBUG[0m [2mservices::services::image[0m[2m:[0m No orphaned images found during cleanup
[0] [2m2026-02-16T03:25:56.444635Z[0m [32m INFO[0m [2mlocal_deployment::container[0m[2m:[0m Starting periodic workspace cleanup...
[0] [2m2026-02-16T03:25:56.445565Z[0m [34mDEBUG[0m [2mlocal_deployment::container[0m[2m:[0m No expired workspaces found
[0] [2m2026-02-16T03:25:56.445866Z[0m [32m INFO[0m [2mservices::services::pr_monitor[0m[2m:[0m Starting PR monitoring service with interval 60s
[0] [2m2026-02-16T03:25:56.445966Z[0m [32m INFO[0m [2mservices::services::file_search[0m[2m:[0m Starting file search cache warming...
[0] [2m2026-02-16T03:25:56.447971Z[0m [34mDEBUG[0m [2mservices::services::pr_monitor[0m[2m:[0m No open PRs to check
[0] [2m2026-02-16T03:25:56.448847Z[0m [32m INFO[0m [2mservices::services::file_search[0m[2m:[0m Warming cache for 2 repositories: ["/Users/chungquantin/Developer/vibe-kanban", "/Users/chungquantin/Developer/theblockchaincompany/bob"]
[0] [2m2026-02-16T03:25:56.451634Z[0m [32m INFO[0m [2mservices::services::file_search[0m[2m:[0m Setup file watcher for repo: "/Users/chungquantin/Developer/vibe-kanban"
[0] [2m2026-02-16T03:25:56.451658Z[0m [32m INFO[0m [2mservices::services::file_search[0m[2m:[0m Building cache for repo: "/Users/chungquantin/Developer/vibe-kanban"
[0] [2m2026-02-16T03:25:56.452511Z[0m [32m INFO[0m [2mservices::services::file_search[0m[2m:[0m Setup file watcher for repo: "/Users/chungquantin/Developer/theblockchaincompany/bob"
[0] [2m2026-02-16T03:25:56.452709Z[0m [32m INFO[0m [2mservices::services::file_search[0m[2m:[0m File search cache warming completed
[0] [2m2026-02-16T03:25:56.455344Z[0m [34mDEBUG[0m [2mutils::port_file[0m[2m:[0m Writing port 3004 to "/var/folders/tb/r5r120jx4c34f2wnhrv6hx000000gn/T/vibe-kanban/vibe-kanban.port"
[0] [2m2026-02-16T03:25:56.455681Z[0m [32m INFO[0m [2mserver[0m[2m:[0m Server running on http://127.0.0.1:3004
[0] [2m2026-02-16T03:25:56.781035Z[0m [32m INFO[0m [2mservices::services::file_search[0m[2m:[0m Successfully cached repo: "/Users/chungquantin/Developer/vibe-kanban"
[0] [2m2026-02-16T03:25:56.781086Z[0m [32m INFO[0m [2mservices::services::file_search[0m[2m:[0m Building cache for repo: "/Users/chungquantin/Developer/theblockchaincompany/bob"
[0] [2m2026-02-16T03:25:57.374101Z[0m [32m INFO[0m [2mservices::services::file_search[0m[2m:[0m Successfully cached repo: "/Users/chungquantin/Developer/theblockchaincompany/bob"
[0] [2m2026-02-16T03:26:56.450001Z[0m [34mDEBUG[0m [2mservices::services::pr_monitor[0m[2m:[0m No open PRs to check
[0] [2m2026-02-16T03:27:56.451394Z[0m [34mDEBUG[0m [2mservices::services::pr_monitor[0m[2m:[0m No open PRs to check
[0] [Running 'cargo run --bin server']
[0]     Finished `dev` profile [unoptimized + debuginfo] target(s) in 0.82s
[0]      Running `target/debug/server`
[0] [2m2026-02-16T03:28:36.685651Z[0m [32m INFO[0m [2mexecutors::profile[0m[2m:[0m Loaded user profile overrides from profiles.json
[0] [2m2026-02-16T03:28:36.713180Z[0m [32m INFO[0m [2mlocal_deployment[0m[2m:[0m Starting orphaned image cleanup...
[0] [2m2026-02-16T03:28:36.713547Z[0m [32m INFO[0m [2mservices::services::oauth_credentials[0m[2m:[0m OAuth credentials backend: file
[0] [2m2026-02-16T03:28:36.713636Z[0m [32m INFO[0m [2mlocal_deployment[0m[2m:[0m VK_SHARED_API_BASE not set; remote features disabled
[0] [2m2026-02-16T03:28:36.713793Z[0m [34mDEBUG[0m [2mservices::services::workspace_manager[0m[2m:[0m Orphan workspace cleanup is disabled via DISABLE_WORKTREE_ORPHAN_CLEANUP environment variable
[0] [2m2026-02-16T03:28:36.714072Z[0m [34mDEBUG[0m [2mservices::services::image[0m[2m:[0m No orphaned images found during cleanup
[0] [2m2026-02-16T03:28:36.715006Z[0m [32m INFO[0m [2mlocal_deployment::container[0m[2m:[0m Starting periodic workspace cleanup...
[0] [2m2026-02-16T03:28:36.715726Z[0m [34mDEBUG[0m [2mlocal_deployment::container[0m[2m:[0m No expired workspaces found
[0] [2m2026-02-16T03:28:36.715792Z[0m [32m INFO[0m [2mservices::services::pr_monitor[0m[2m:[0m Starting PR monitoring service with interval 60s
[0] [2m2026-02-16T03:28:36.715938Z[0m [32m INFO[0m [2mservices::services::file_search[0m[2m:[0m Starting file search cache warming...
[0] [2m2026-02-16T03:28:36.717841Z[0m [34mDEBUG[0m [2mservices::services::pr_monitor[0m[2m:[0m No open PRs to check
[0] [2m2026-02-16T03:28:36.718563Z[0m [32m INFO[0m [2mservices::services::file_search[0m[2m:[0m Warming cache for 2 repositories: ["/Users/chungquantin/Developer/vibe-kanban", "/Users/chungquantin/Developer/theblockchaincompany/bob"]
[0] [2m2026-02-16T03:28:36.720697Z[0m [32m INFO[0m [2mservices::services::file_search[0m[2m:[0m Setup file watcher for repo: "/Users/chungquantin/Developer/vibe-kanban"
[0] [2m2026-02-16T03:28:36.720724Z[0m [32m INFO[0m [2mservices::services::file_search[0m[2m:[0m Building cache for repo: "/Users/chungquantin/Developer/vibe-kanban"
[0] [2m2026-02-16T03:28:36.721527Z[0m [32m INFO[0m [2mservices::services::file_search[0m[2m:[0m Setup file watcher for repo: "/Users/chungquantin/Developer/theblockchaincompany/bob"
[0] [2m2026-02-16T03:28:36.721734Z[0m [32m INFO[0m [2mservices::services::file_search[0m[2m:[0m File search cache warming completed
[0] [2m2026-02-16T03:28:36.724841Z[0m [34mDEBUG[0m [2mutils::port_file[0m[2m:[0m Writing port 3004 to "/var/folders/tb/r5r120jx4c34f2wnhrv6hx000000gn/T/vibe-kanban/vibe-kanban.port"
[0] [2m2026-02-16T03:28:36.725213Z[0m [32m INFO[0m [2mserver[0m[2m:[0m Server running on http://127.0.0.1:3004
[0] [2m2026-02-16T03:28:37.236442Z[0m [32m INFO[0m [2mservices::services::file_search[0m[2m:[0m Successfully cached repo: "/Users/chungquantin/Developer/vibe-kanban"
[0] [2m2026-02-16T03:28:37.236502Z[0m [32m INFO[0m [2mservices::services::file_search[0m[2m:[0m Building cache for repo: "/Users/chungquantin/Developer/theblockchaincompany/bob"
[0] [2m2026-02-16T03:28:38.162747Z[0m [32m INFO[0m [2mservices::services::file_search[0m[2m:[0m Successfully cached repo: "/Users/chungquantin/Developer/theblockchaincompany/bob"
[0] [Running 'cargo run --bin server']
[0]     Finished `dev` profile [unoptimized + debuginfo] target(s) in 0.30s
[0]      Running `target/debug/server`
[0] [2m2026-02-16T03:28:45.587970Z[0m [32m INFO[0m [2mexecutors::profile[0m[2m:[0m Loaded user profile overrides from profiles.json
[0] [2m2026-02-16T03:28:45.616416Z[0m [32m INFO[0m [2mlocal_deployment[0m[2m:[0m Starting orphaned image cleanup...
[0] [2m2026-02-16T03:28:45.616853Z[0m [32m INFO[0m [2mservices::services::oauth_credentials[0m[2m:[0m OAuth credentials backend: file
[0] [2m2026-02-16T03:28:45.616940Z[0m [32m INFO[0m [2mlocal_deployment[0m[2m:[0m VK_SHARED_API_BASE not set; remote features disabled
[0] [2m2026-02-16T03:28:45.617152Z[0m [34mDEBUG[0m [2mservices::services::workspace_manager[0m[2m:[0m Orphan workspace cleanup is disabled via DISABLE_WORKTREE_ORPHAN_CLEANUP environment variable
[0] [2m2026-02-16T03:28:45.617255Z[0m [34mDEBUG[0m [2mservices::services::image[0m[2m:[0m No orphaned images found during cleanup
[0] [2m2026-02-16T03:28:45.618398Z[0m [32m INFO[0m [2mlocal_deployment::container[0m[2m:[0m Starting periodic workspace cleanup...
[0] [2m2026-02-16T03:28:45.618449Z[0m [32m INFO[0m [2mservices::services::pr_monitor[0m[2m:[0m Starting PR monitoring service with interval 60s
[0] [2m2026-02-16T03:28:45.618602Z[0m [32m INFO[0m [2mservices::services::file_search[0m[2m:[0m Starting file search cache warming...
[0] [2m2026-02-16T03:28:45.619002Z[0m [34mDEBUG[0m [2mlocal_deployment::container[0m[2m:[0m No expired workspaces found
[0] [2m2026-02-16T03:28:45.622647Z[0m [34mDEBUG[0m [2mservices::services::pr_monitor[0m[2m:[0m No open PRs to check
[0] [2m2026-02-16T03:28:45.623307Z[0m [32m INFO[0m [2mservices::services::file_search[0m[2m:[0m Warming cache for 2 repositories: ["/Users/chungquantin/Developer/vibe-kanban", "/Users/chungquantin/Developer/theblockchaincompany/bob"]
[0] [2m2026-02-16T03:28:45.625845Z[0m [32m INFO[0m [2mservices::services::file_search[0m[2m:[0m Setup file watcher for repo: "/Users/chungquantin/Developer/vibe-kanban"
[0] [2m2026-02-16T03:28:45.625866Z[0m [32m INFO[0m [2mservices::services::file_search[0m[2m:[0m Building cache for repo: "/Users/chungquantin/Developer/vibe-kanban"
[0] [2m2026-02-16T03:28:45.626789Z[0m [32m INFO[0m [2mservices::services::file_search[0m[2m:[0m Setup file watcher for repo: "/Users/chungquantin/Developer/theblockchaincompany/bob"
[0] [2m2026-02-16T03:28:45.627016Z[0m [32m INFO[0m [2mservices::services::file_search[0m[2m:[0m File search cache warming completed
[0] [2m2026-02-16T03:28:45.627608Z[0m [34mDEBUG[0m [2mutils::port_file[0m[2m:[0m Writing port 3004 to "/var/folders/tb/r5r120jx4c34f2wnhrv6hx000000gn/T/vibe-kanban/vibe-kanban.port"
[0] [2m2026-02-16T03:28:45.628013Z[0m [32m INFO[0m [2mserver[0m[2m:[0m Server running on http://127.0.0.1:3004
[0] [2m2026-02-16T03:28:45.978942Z[0m [32m INFO[0m [2mservices::services::file_search[0m[2m:[0m Successfully cached repo: "/Users/chungquantin/Developer/vibe-kanban"
[0] [2m2026-02-16T03:28:45.979028Z[0m [32m INFO[0m [2mservices::services::file_search[0m[2m:[0m Building cache for repo: "/Users/chungquantin/Developer/theblockchaincompany/bob"
[0] [2m2026-02-16T03:28:46.596730Z[0m [32m INFO[0m [2mservices::services::file_search[0m[2m:[0m Successfully cached repo: "/Users/chungquantin/Developer/theblockchaincompany/bob"
[0] [Running 'cargo run --bin server']
[0]     Finished `dev` profile [unoptimized + debuginfo] target(s) in 0.30s
[0]      Running `target/debug/server`
[0] [2m2026-02-16T03:28:50.464478Z[0m [32m INFO[0m [2mexecutors::profile[0m[2m:[0m Loaded user profile overrides from profiles.json
[0] [2m2026-02-16T03:28:50.496212Z[0m [32m INFO[0m [2mlocal_deployment[0m[2m:[0m Starting orphaned image cleanup...
[0] [2m2026-02-16T03:28:50.496824Z[0m [32m INFO[0m [2mservices::services::oauth_credentials[0m[2m:[0m OAuth credentials backend: file
[0] [2m2026-02-16T03:28:50.496911Z[0m [32m INFO[0m [2mlocal_deployment[0m[2m:[0m VK_SHARED_API_BASE not set; remote features disabled
[0] [2m2026-02-16T03:28:50.497212Z[0m [34mDEBUG[0m [2mservices::services::workspace_manager[0m[2m:[0m Orphan workspace cleanup is disabled via DISABLE_WORKTREE_ORPHAN_CLEANUP environment variable
[0] [2m2026-02-16T03:28:50.497326Z[0m [34mDEBUG[0m [2mservices::services::image[0m[2m:[0m No orphaned images found during cleanup
[0] [2m2026-02-16T03:28:50.498458Z[0m [32m INFO[0m [2mlocal_deployment::container[0m[2m:[0m Starting periodic workspace cleanup...
[0] [2m2026-02-16T03:28:50.498792Z[0m [32m INFO[0m [2mservices::services::pr_monitor[0m[2m:[0m Starting PR monitoring service with interval 60s
[0] [2m2026-02-16T03:28:50.498945Z[0m [32m INFO[0m [2mservices::services::file_search[0m[2m:[0m Starting file search cache warming...
[0] [2m2026-02-16T03:28:50.500318Z[0m [34mDEBUG[0m [2mlocal_deployment::container[0m[2m:[0m No expired workspaces found
[0] [2m2026-02-16T03:28:50.501579Z[0m [34mDEBUG[0m [2mservices::services::pr_monitor[0m[2m:[0m No open PRs to check
[0] [2m2026-02-16T03:28:50.502362Z[0m [32m INFO[0m [2mservices::services::file_search[0m[2m:[0m Warming cache for 2 repositories: ["/Users/chungquantin/Developer/vibe-kanban", "/Users/chungquantin/Developer/theblockchaincompany/bob"]
[0] [2m2026-02-16T03:28:50.505172Z[0m [32m INFO[0m [2mservices::services::file_search[0m[2m:[0m Setup file watcher for repo: "/Users/chungquantin/Developer/vibe-kanban"
[0] [2m2026-02-16T03:28:50.505195Z[0m [32m INFO[0m [2mservices::services::file_search[0m[2m:[0m Building cache for repo: "/Users/chungquantin/Developer/vibe-kanban"
[0] [2m2026-02-16T03:28:50.506187Z[0m [32m INFO[0m [2mservices::services::file_search[0m[2m:[0m Setup file watcher for repo: "/Users/chungquantin/Developer/theblockchaincompany/bob"
[0] [2m2026-02-16T03:28:50.506404Z[0m [32m INFO[0m [2mservices::services::file_search[0m[2m:[0m File search cache warming completed
[0] [2m2026-02-16T03:28:50.509344Z[0m [34mDEBUG[0m [2mutils::port_file[0m[2m:[0m Writing port 3004 to "/var/folders/tb/r5r120jx4c34f2wnhrv6hx000000gn/T/vibe-kanban/vibe-kanban.port"
[0] [2m2026-02-16T03:28:50.509741Z[0m [32m INFO[0m [2mserver[0m[2m:[0m Server running on http://127.0.0.1:3004
[0] [2m2026-02-16T03:28:50.835929Z[0m [32m INFO[0m [2mservices::services::file_search[0m[2m:[0m Successfully cached repo: "/Users/chungquantin/Developer/vibe-kanban"
[0] [2m2026-02-16T03:28:50.836004Z[0m [32m INFO[0m [2mservices::services::file_search[0m[2m:[0m Building cache for repo: "/Users/chungquantin/Developer/theblockchaincompany/bob"
[0] [2m2026-02-16T03:28:51.409409Z[0m [32m INFO[0m [2mservices::services::file_search[0m[2m:[0m Successfully cached repo: "/Users/chungquantin/Developer/theblockchaincompany/bob"
[0] [Running 'cargo run --bin server']
[0]     Finished `dev` profile [unoptimized + debuginfo] target(s) in 0.30s
[0]      Running `target/debug/server`
[0] [2m2026-02-16T03:28:55.704271Z[0m [32m INFO[0m [2mexecutors::profile[0m[2m:[0m Loaded user profile overrides from profiles.json
[0] [2m2026-02-16T03:28:55.735266Z[0m [32m INFO[0m [2mlocal_deployment[0m[2m:[0m Starting orphaned image cleanup...
[0] [2m2026-02-16T03:28:55.735461Z[0m [32m INFO[0m [2mservices::services::oauth_credentials[0m[2m:[0m OAuth credentials backend: file
[0] [2m2026-02-16T03:28:55.735601Z[0m [32m INFO[0m [2mlocal_deployment[0m[2m:[0m VK_SHARED_API_BASE not set; remote features disabled
[0] [2m2026-02-16T03:28:55.735979Z[0m [34mDEBUG[0m [2mservices::services::workspace_manager[0m[2m:[0m Orphan workspace cleanup is disabled via DISABLE_WORKTREE_ORPHAN_CLEANUP environment variable
[0] [2m2026-02-16T03:28:55.736264Z[0m [34mDEBUG[0m [2mservices::services::image[0m[2m:[0m No orphaned images found during cleanup
[0] [2m2026-02-16T03:28:55.737206Z[0m [32m INFO[0m [2mlocal_deployment::container[0m[2m:[0m Starting periodic workspace cleanup...
[0] [2m2026-02-16T03:28:55.738028Z[0m [34mDEBUG[0m [2mlocal_deployment::container[0m[2m:[0m No expired workspaces found
[0] [2m2026-02-16T03:28:55.739237Z[0m [32m INFO[0m [2mservices::services::pr_monitor[0m[2m:[0m Starting PR monitoring service with interval 60s
[0] [2m2026-02-16T03:28:55.739394Z[0m [32m INFO[0m [2mservices::services::file_search[0m[2m:[0m Starting file search cache warming...
[0] [2m2026-02-16T03:28:55.741437Z[0m [34mDEBUG[0m [2mservices::services::pr_monitor[0m[2m:[0m No open PRs to check
[0] [2m2026-02-16T03:28:55.742539Z[0m [32m INFO[0m [2mservices::services::file_search[0m[2m:[0m Warming cache for 2 repositories: ["/Users/chungquantin/Developer/vibe-kanban", "/Users/chungquantin/Developer/theblockchaincompany/bob"]
[0] [2m2026-02-16T03:28:55.745483Z[0m [32m INFO[0m [2mservices::services::file_search[0m[2m:[0m Setup file watcher for repo: "/Users/chungquantin/Developer/vibe-kanban"
[0] [2m2026-02-16T03:28:55.745522Z[0m [32m INFO[0m [2mservices::services::file_search[0m[2m:[0m Building cache for repo: "/Users/chungquantin/Developer/vibe-kanban"
[0] [2m2026-02-16T03:28:55.746428Z[0m [32m INFO[0m [2mservices::services::file_search[0m[2m:[0m Setup file watcher for repo: "/Users/chungquantin/Developer/theblockchaincompany/bob"
[0] [2m2026-02-16T03:28:55.746648Z[0m [32m INFO[0m [2mservices::services::file_search[0m[2m:[0m File search cache warming completed
[0] [2m2026-02-16T03:28:55.749491Z[0m [34mDEBUG[0m [2mutils::port_file[0m[2m:[0m Writing port 3004 to "/var/folders/tb/r5r120jx4c34f2wnhrv6hx000000gn/T/vibe-kanban/vibe-kanban.port"
[0] [2m2026-02-16T03:28:55.749908Z[0m [32m INFO[0m [2mserver[0m[2m:[0m Server running on http://127.0.0.1:3004
[0] [2m2026-02-16T03:28:56.080463Z[0m [32m INFO[0m [2mservices::services::file_search[0m[2m:[0m Successfully cached repo: "/Users/chungquantin/Developer/vibe-kanban"
[0] [2m2026-02-16T03:28:56.080554Z[0m [32m INFO[0m [2mservices::services::file_search[0m[2m:[0m Building cache for repo: "/Users/chungquantin/Developer/theblockchaincompany/bob"
[0] [2m2026-02-16T03:28:56.648168Z[0m [32m INFO[0m [2mservices::services::file_search[0m[2m:[0m Successfully cached repo: "/Users/chungquantin/Developer/theblockchaincompany/bob"
[0] [2m2026-02-16T03:29:55.742842Z[0m [34mDEBUG[0m [2mservices::services::pr_monitor[0m[2m:[0m No open PRs to check
[0] [2m2026-02-16T03:30:55.742020Z[0m [34mDEBUG[0m [2mservices::services::pr_monitor[0m[2m:[0m No open PRs to check
[0] [2m2026-02-16T03:31:55.741601Z[0m [34mDEBUG[0m [2mservices::services::pr_monitor[0m[2m:[0m No open PRs to check
[0] [2m2026-02-16T03:32:55.741813Z[0m [34mDEBUG[0m [2mservices::services::pr_monitor[0m[2m:[0m No open PRs to check
